<?xml version="1.0" encoding="UTF-8"?>
<!DOCTYPE properties SYSTEM "http://java.sun.com/dtd/properties.dtd">
<properties version="1.0">
  <comment>Sample test run arguments (ets-omxml20)</comment>
  <entry key="iut">https://raw.githubusercontent.com/opengeospatial/ets-omxml20/master/src/test/resources/CountObservation.xml</entry>
  <entry key="ics">1</entry>
</properties>
